Using pre-set license
Built from '2022.3/release' branch; Version is '2022.3.0f1 (fb119bb0b476) revision 16454043'; Using compiler version '192829333'; Build Type 'Release'
OS: 'Windows 10  (10.0.19045) 64bit Core' Language: 'en' Physical Memory: 16242 MB
BatchMode: 1, IsHumanControllingUs: 0, StartBugReporterOnCrash: 0, Is64bit: 1, IsPro: 1

COMMAND LINE ARGUMENTS:
C:\Program Files\Unity\Hub\Editor\2022.3.0f1\Editor\Unity.exe
-adb2
-batchMode
-noUpm
-name
AssetImportWorker1
-projectPath
C:/Users/ross7/OneDrive/Desktop/UnityProjects/Pixel Pastures
-logFile
Logs/AssetImportWorker1.log
-srvPort
52470
Successfully changed project path to: C:/Users/ross7/OneDrive/Desktop/UnityProjects/Pixel Pastures
C:/Users/ross7/OneDrive/Desktop/UnityProjects/Pixel Pastures
[UnityMemory] Configuration Parameters - Can be set up in boot.config
    "memorysetup-bucket-allocator-granularity=16"
    "memorysetup-bucket-allocator-bucket-count=8"
    "memorysetup-bucket-allocator-block-size=33554432"
    "memorysetup-bucket-allocator-block-count=8"
    "memorysetup-main-allocator-block-size=16777216"
    "memorysetup-thread-allocator-block-size=16777216"
    "memorysetup-gfx-main-allocator-block-size=16777216"
    "memorysetup-gfx-thread-allocator-block-size=16777216"
    "memorysetup-cache-allocator-block-size=4194304"
    "memorysetup-typetree-allocator-block-size=2097152"
    "memorysetup-profiler-bucket-allocator-granularity=16"
    "memorysetup-profiler-bucket-allocator-bucket-count=8"
    "memorysetup-profiler-bucket-allocator-block-size=33554432"
    "memorysetup-profiler-bucket-allocator-block-count=8"
    "memorysetup-profiler-allocator-block-size=16777216"
    "memorysetup-profiler-editor-allocator-block-size=1048576"
    "memorysetup-temp-allocator-size-main=16777216"
    "memorysetup-job-temp-allocator-block-size=2097152"
    "memorysetup-job-temp-allocator-block-size-background=1048576"
    "memorysetup-job-temp-allocator-reduction-small-platforms=262144"
    "memorysetup-allocator-temp-initial-block-size-main=262144"
    "memorysetup-allocator-temp-initial-block-size-worker=262144"
    "memorysetup-temp-allocator-size-background-worker=32768"
    "memorysetup-temp-allocator-size-job-worker=262144"
    "memorysetup-temp-allocator-size-preload-manager=33554432"
    "memorysetup-temp-allocator-size-nav-mesh-worker=65536"
    "memorysetup-temp-allocator-size-audio-worker=65536"
    "memorysetup-temp-allocator-size-cloud-worker=32768"
    "memorysetup-temp-allocator-size-gi-baking-worker=262144"
    "memorysetup-temp-allocator-size-gfx=262144"
Player connection [4956] Host "[IP] 192.168.1.93 [Port] 0 [Flags] 2 [Guid] 1073245896 [EditorId] 1073245896 [Version] 1048832 [Id] WindowsEditor(7,RossDahBossLaptop) [Debug] 1 [PackageName] WindowsEditor [ProjectName] Editor" joined multi-casting on [225.0.0.222:54997]...

Player connection [4956] Host "[IP] 192.168.1.93 [Port] 0 [Flags] 2 [Guid] 1073245896 [EditorId] 1073245896 [Version] 1048832 [Id] WindowsEditor(7,RossDahBossLaptop) [Debug] 1 [PackageName] WindowsEditor [ProjectName] Editor" joined alternative multi-casting on [225.0.0.222:34997]...

Refreshing native plugins compatible for Editor in 108.70 ms, found 4 plugins.
Preloading 0 native plugins for Editor in 0.00 ms.
Initialize engine version: 2022.3.0f1 (fb119bb0b476)
[Subsystems] Discovering subsystems at path C:/Program Files/Unity/Hub/Editor/2022.3.0f1/Editor/Data/Resources/UnitySubsystems
[Subsystems] Discovering subsystems at path C:/Users/ross7/OneDrive/Desktop/UnityProjects/Pixel Pastures/Assets
GfxDevice: creating device client; threaded=0; jobified=0
Direct3D:
    Version:  Direct3D 11.0 [level 11.1]
    Renderer: NVIDIA GeForce GTX 1050 (ID=0x1c8d)
    Vendor:   NVIDIA
    VRAM:     1978 MB
    Driver:   31.0.15.3179
Initialize mono
Mono path[0] = 'C:/Program Files/Unity/Hub/Editor/2022.3.0f1/Editor/Data/Managed'
Mono path[1] = 'C:/Program Files/Unity/Hub/Editor/2022.3.0f1/Editor/Data/MonoBleedingEdge/lib/mono/unityjit-win32'
Mono config path = 'C:/Program Files/Unity/Hub/Editor/2022.3.0f1/Editor/Data/MonoBleedingEdge/etc'
Using monoOptions --debugger-agent=transport=dt_socket,embedding=1,server=y,suspend=n,address=127.0.0.1:56000
Begin MonoManager ReloadAssembly
Registering precompiled unity dll's ...
Register platform support module: C:/Program Files/Unity/Hub/Editor/2022.3.0f1/Editor/Data/PlaybackEngines/MacStandaloneSupport/UnityEditor.OSXStandalone.Extensions.dll
Register platform support module: C:/Program Files/Unity/Hub/Editor/2022.3.0f1/Editor/Data/PlaybackEngines/AndroidPlayer/UnityEditor.Android.Extensions.dll
Register platform support module: C:/Program Files/Unity/Hub/Editor/2022.3.0f1/Editor/Data/PlaybackEngines/iOSSupport/UnityEditor.iOS.Extensions.dll
Register platform support module: C:/Program Files/Unity/Hub/Editor/2022.3.0f1/Editor/Data/PlaybackEngines/WindowsStandaloneSupport/UnityEditor.WindowsStandalone.Extensions.dll
Registered in 1.023809 seconds.
- Loaded All Assemblies, in  9.859 seconds
Native extension for WindowsStandalone target not found
[usbmuxd] Start listen thread
[usbmuxd] Listen thread started
Native extension for iOS target not found
Native extension for Android target not found
Android Extension - Scanning For ADB Devices 1591 ms
Native extension for OSXStandalone target not found
Mono: successfully reloaded assembly
- Finished resetting the current domain, in  3.388 seconds
Domain Reload Profiling: 13099ms
	BeginReloadAssembly (875ms)
		ExecutionOrderSort (0ms)
		DisableScriptedObjects (0ms)
		BackupInstance (0ms)
		ReleaseScriptingObjects (0ms)
		CreateAndSetChildDomain (4ms)
	RebuildCommonClasses (681ms)
	RebuildNativeTypeToScriptingClass (45ms)
	initialDomainReloadingComplete (6443ms)
	LoadAllAssembliesAndSetupDomain (1665ms)
		LoadAssemblies (864ms)
		RebuildTransferFunctionScriptingTraits (0ms)
		AnalyzeDomain (1497ms)
			TypeCache.Refresh (1496ms)
				TypeCache.ScanAssembly (1320ms)
			ScanForSourceGeneratedMonoScriptInfo (1ms)
			ResolveRequiredComponents (1ms)
	FinalizeReload (3391ms)
		ReleaseScriptCaches (0ms)
		RebuildScriptCaches (0ms)
		SetupLoadedEditorAssemblies (3103ms)
			LogAssemblyErrors (0ms)
			InitializePlatformSupportModulesInManaged (2521ms)
			SetLoadedEditorAssemblies (14ms)
			RefreshPlugins (0ms)
			BeforeProcessingInitializeOnLoad (5ms)
			ProcessInitializeOnLoadAttributes (373ms)
			ProcessInitializeOnLoadMethodAttributes (189ms)
			AfterProcessingInitializeOnLoad (0ms)
			EditorAssembliesLoaded (0ms)
		ExecutionOrderSort2 (0ms)
		AwakeInstancesAfterBackupRestoration (0ms)
========================================================================
Worker process is ready to serve import requests
Begin MonoManager ReloadAssembly
Symbol file LoadedFromMemory doesn't match image C:\Users\ross7\OneDrive\Desktop\UnityProjects\Pixel Pastures\Library\PackageCache\com.unity.visualscripting@1.8.0\Editor\VisualScripting.Core\Dependencies\YamlDotNet\Unity.VisualScripting.YamlDotNet.dll
Symbol file LoadedFromMemory doesn't match image C:\Users\ross7\OneDrive\Desktop\UnityProjects\Pixel Pastures\Library\PackageCache\com.unity.visualscripting@1.8.0\Editor\VisualScripting.Core\Dependencies\DotNetZip\Unity.VisualScripting.IonicZip.dll
- Loaded All Assemblies, in  6.520 seconds
Refreshing native plugins compatible for Editor in 32.57 ms, found 4 plugins.
Native extension for WindowsStandalone target not found
Native extension for iOS target not found
Native extension for Android target not found
Native extension for OSXStandalone target not found
Mono: successfully reloaded assembly
- Finished resetting the current domain, in  4.789 seconds
Domain Reload Profiling: 11294ms
	BeginReloadAssembly (522ms)
		ExecutionOrderSort (0ms)
		DisableScriptedObjects (30ms)
		BackupInstance (0ms)
		ReleaseScriptingObjects (0ms)
		CreateAndSetChildDomain (59ms)
	RebuildCommonClasses (121ms)
	RebuildNativeTypeToScriptingClass (37ms)
	initialDomainReloadingComplete (148ms)
	LoadAllAssembliesAndSetupDomain (5676ms)
		LoadAssemblies (2344ms)
		RebuildTransferFunctionScriptingTraits (0ms)
		AnalyzeDomain (3290ms)
			TypeCache.Refresh (2883ms)
				TypeCache.ScanAssembly (2238ms)
			ScanForSourceGeneratedMonoScriptInfo (334ms)
			ResolveRequiredComponents (72ms)
	FinalizeReload (4790ms)
		ReleaseScriptCaches (0ms)
		RebuildScriptCaches (0ms)
		SetupLoadedEditorAssemblies (3740ms)
			LogAssemblyErrors (0ms)
			InitializePlatformSupportModulesInManaged (177ms)
			SetLoadedEditorAssemblies (36ms)
			RefreshPlugins (0ms)
			BeforeProcessingInitializeOnLoad (577ms)
			ProcessInitializeOnLoadAttributes (2505ms)
			ProcessInitializeOnLoadMethodAttributes (410ms)
			AfterProcessingInitializeOnLoad (35ms)
			EditorAssembliesLoaded (0ms)
		ExecutionOrderSort2 (0ms)
		AwakeInstancesAfterBackupRestoration (17ms)
Launched and connected shader compiler UnityShaderCompiler.exe after 0.18 seconds
Refreshing native plugins compatible for Editor in 51.18 ms, found 4 plugins.
Preloading 0 native plugins for Editor in 0.00 ms.
Unloading 5563 Unused Serialized files (Serialized files now loaded: 0)
Unloading 99 unused Assets / (0.9 MB). Loaded Objects now: 6013.
Memory consumption went from 218.2 MB to 217.3 MB.
Total: 19.163600 ms (FindLiveObjects: 1.309300 ms CreateObjectMapping: 1.658200 ms MarkObjects: 14.448700 ms  DeleteObjects: 1.745300 ms)

AssetImportParameters requested are different than current active one (requested -> active):
  custom:container-demuxer-ogg: 62fdf1f143b41e24485cea50d1cbac27 -> 
  custom:video-codec-MediaFoundation-h265: 746d11721c4dcdbdad8f713fa42b33f4 -> 
  custom:video-decoder-ogg-theora: a1e56fd34408186e4bbccfd4996cb3dc -> 
  custom:framework-win-MediaFoundation: 216162199b28c13a410421893ffa2e32 -> 
  custom:container-demuxer-webm: 4f35f7cbe854078d1ac9338744f61a02 -> 
  custom:container-muxer-webm: aa71ff27fc2769a1b78a27578f13a17b -> 
  custom:video-decoder-webm-vp8: 9c59270c3fd7afecdb556c50c9e8de78 -> 
  custom:AudioImporter_EditorPlatform: d09bf68614088b80899f8185d706f6e7 -> 
  custom:video-encoder-webm-vp8: eb34c28f22e8b96e1ab97ce403110664 -> 
  custom:audio-decoder-ogg-vorbis: bf7c407c2cedff20999df2af8eb42d56 -> 
  custom:audio-encoder-webm-vorbis: bf7c407c2cedff20999df2af8eb42d56 -> 
========================================================================
Received Import Request.
  Time since last request: 6305.627041 seconds.
  path: Assets/UniversalRenderPipelineGlobalSettings.asset
  artifactKey: Guid(93b439a37f63240aca3dd4e01d978a9f) Importer(815301076,1909f56bfc062723c751e8b465ee728b)
Start importing Assets/UniversalRenderPipelineGlobalSettings.asset using Guid(93b439a37f63240aca3dd4e01d978a9f) Importer(815301076,1909f56bfc062723c751e8b465ee728b)  -> (artifact id: '08254b431e78862a1490bbccd82936fe') in 0.028105 seconds
Number of updated asset objects reloaded before import = 0
Number of asset objects unloaded after import = 1
========================================================================
Received Import Request.
  Time since last request: 965.803229 seconds.
  path: Assets/Sprites/Untitled_Artwork1234_0000s_0000_Layer-15.png
  artifactKey: Guid(e25f3eac16557b94196c36c2b755bf68) Importer(815301076,1909f56bfc062723c751e8b465ee728b)
Start importing Assets/Sprites/Untitled_Artwork1234_0000s_0000_Layer-15.png using Guid(e25f3eac16557b94196c36c2b755bf68) Importer(815301076,1909f56bfc062723c751e8b465ee728b)  -> (artifact id: '5ab50822ee0ecca03e04af0c6e5448ee') in 0.012279 seconds
Number of updated asset objects reloaded before import = 0
Number of asset objects unloaded after import = 2
========================================================================
Received Import Request.
  Time since last request: 0.000057 seconds.
  path: Assets/Sprites/Untitled_Artwork1234_0001s_0002_Layer-9.png
  artifactKey: Guid(426acf0dbf6d4174daeb238d27357bae) Importer(815301076,1909f56bfc062723c751e8b465ee728b)
Start importing Assets/Sprites/Untitled_Artwork1234_0001s_0002_Layer-9.png using Guid(426acf0dbf6d4174daeb238d27357bae) Importer(815301076,1909f56bfc062723c751e8b465ee728b)  -> (artifact id: '3642bea40d1f013e915d5cb673ab8999') in 0.024330 seconds
Number of updated asset objects reloaded before import = 0
Number of asset objects unloaded after import = 2
========================================================================
Received Import Request.
  Time since last request: 0.000044 seconds.
  path: Assets/Sprites/Untitled_Artwork1234_0002s_0000_From-selection.png
  artifactKey: Guid(3cae5d80a04020448a73b2337e178375) Importer(815301076,1909f56bfc062723c751e8b465ee728b)
Start importing Assets/Sprites/Untitled_Artwork1234_0002s_0000_From-selection.png using Guid(3cae5d80a04020448a73b2337e178375) Importer(815301076,1909f56bfc062723c751e8b465ee728b)  -> (artifact id: '8f805ec7685009f517775c3e0e404d29') in 0.019529 seconds
Number of updated asset objects reloaded before import = 0
Number of asset objects unloaded after import = 2
========================================================================
Received Import Request.
  Time since last request: 0.009279 seconds.
  path: Assets/Sprites/Untitled_Artwork1234_0000s_0001_Layer-14.png
  artifactKey: Guid(6cfbc9e48963a8943b831e4b50a30b87) Importer(815301076,1909f56bfc062723c751e8b465ee728b)
Start importing Assets/Sprites/Untitled_Artwork1234_0000s_0001_Layer-14.png using Guid(6cfbc9e48963a8943b831e4b50a30b87) Importer(815301076,1909f56bfc062723c751e8b465ee728b)  -> (artifact id: '5914a70124e2eb7de06357c80d5e345a') in 0.006434 seconds
Number of updated asset objects reloaded before import = 0
Number of asset objects unloaded after import = 2
========================================================================
Received Import Request.
  Time since last request: 0.000029 seconds.
  path: Assets/Sprites/Untitled_Artwork1234_0002_Soil-W-Seed.png
  artifactKey: Guid(b1724fbf16240b447a6a0381e523024e) Importer(815301076,1909f56bfc062723c751e8b465ee728b)
Start importing Assets/Sprites/Untitled_Artwork1234_0002_Soil-W-Seed.png using Guid(b1724fbf16240b447a6a0381e523024e) Importer(815301076,1909f56bfc062723c751e8b465ee728b)  -> (artifact id: '3772b49d882ee4e8fe55297343dd10c0') in 0.003688 seconds
Number of updated asset objects reloaded before import = 0
Number of asset objects unloaded after import = 2
========================================================================
Received Import Request.
  Time since last request: 0.000044 seconds.
  path: Assets/Sprites/Untitled_Artwork1234_0001s_0000_Layer-9.png
  artifactKey: Guid(87cc872c08c78664facc2910d7572c52) Importer(815301076,1909f56bfc062723c751e8b465ee728b)
Start importing Assets/Sprites/Untitled_Artwork1234_0001s_0000_Layer-9.png using Guid(87cc872c08c78664facc2910d7572c52) Importer(815301076,1909f56bfc062723c751e8b465ee728b)  -> (artifact id: '67b51e54b10555b9ecf0062dcbb70b8c') in 0.002775 seconds
Number of updated asset objects reloaded before import = 0
Number of asset objects unloaded after import = 2
========================================================================
Received Import Request.
  Time since last request: 0.000040 seconds.
  path: Assets/Sprites/Untitled_Artwork1234_0003_Soil.png
  artifactKey: Guid(8b373a83733b6a043b03bede366f96a6) Importer(815301076,1909f56bfc062723c751e8b465ee728b)
Start importing Assets/Sprites/Untitled_Artwork1234_0003_Soil.png using Guid(8b373a83733b6a043b03bede366f96a6) Importer(815301076,1909f56bfc062723c751e8b465ee728b)  -> (artifact id: 'c2756edb8d431e275bbf5d46da2e642f') in 0.010597 seconds
Number of updated asset objects reloaded before import = 0
Number of asset objects unloaded after import = 2
========================================================================
Received Import Request.
  Time since last request: 0.002116 seconds.
  path: Assets/Sprites/Untitled_Artwork1234_0003s_0002_Layer-5.png
  artifactKey: Guid(3a133515d7948fe42a3cf28dddf47d24) Importer(815301076,1909f56bfc062723c751e8b465ee728b)
Start importing Assets/Sprites/Untitled_Artwork1234_0003s_0002_Layer-5.png using Guid(3a133515d7948fe42a3cf28dddf47d24) Importer(815301076,1909f56bfc062723c751e8b465ee728b)  -> (artifact id: 'd5d3e1c49fcf14534b98b4895045428b') in 0.004723 seconds
Number of updated asset objects reloaded before import = 0
Number of asset objects unloaded after import = 2
========================================================================
Received Import Request.
  Time since last request: 0.000038 seconds.
  path: Assets/Sprites/Untitled_Artwork1234_0001_Layer-19.png
  artifactKey: Guid(6fdddaefd275d524a9867dbb32cd5c39) Importer(815301076,1909f56bfc062723c751e8b465ee728b)
Start importing Assets/Sprites/Untitled_Artwork1234_0001_Layer-19.png using Guid(6fdddaefd275d524a9867dbb32cd5c39) Importer(815301076,1909f56bfc062723c751e8b465ee728b)  -> (artifact id: 'aaae9b1d0a618bc69775e41c03725382') in 0.002460 seconds
Number of updated asset objects reloaded before import = 0
Number of asset objects unloaded after import = 2
========================================================================
Received Import Request.
  Time since last request: 2636.196704 seconds.
  path: Assets/Sprites/Layer 22.png
  artifactKey: Guid(8364c1176c19c414c839a824bfc0e6c1) Importer(815301076,1909f56bfc062723c751e8b465ee728b)
Start importing Assets/Sprites/Layer 22.png using Guid(8364c1176c19c414c839a824bfc0e6c1) Importer(815301076,1909f56bfc062723c751e8b465ee728b)  -> (artifact id: 'a4ec2fc36a9fd9417969773e83a33a74') in 0.025661 seconds
Number of updated asset objects reloaded before import = 0
Number of asset objects unloaded after import = 2
========================================================================
Received Import Request.
  Time since last request: 0.000219 seconds.
  path: Assets/Sprites/Layer 23.png
  artifactKey: Guid(becc9cf95bac10c45b6b60077b0210a6) Importer(815301076,1909f56bfc062723c751e8b465ee728b)
Start importing Assets/Sprites/Layer 23.png using Guid(becc9cf95bac10c45b6b60077b0210a6) Importer(815301076,1909f56bfc062723c751e8b465ee728b)  -> (artifact id: 'f6def096a24ab4966c4eb94f2debd9b7') in 0.004149 seconds
Number of updated asset objects reloaded before import = 0
Number of asset objects unloaded after import = 2
========================================================================
Received Import Request.
  Time since last request: 27.355460 seconds.
  path: Assets/Sprites/Layer 22.png
  artifactKey: Guid(8364c1176c19c414c839a824bfc0e6c1) Importer(815301076,1909f56bfc062723c751e8b465ee728b)
Start importing Assets/Sprites/Layer 22.png using Guid(8364c1176c19c414c839a824bfc0e6c1) Importer(815301076,1909f56bfc062723c751e8b465ee728b)  -> (artifact id: 'a3be143562cd5d2d0eb1d61ed86b1451') in 0.003509 seconds
Number of updated asset objects reloaded before import = 0
Number of asset objects unloaded after import = 2
========================================================================
Received Import Request.
  Time since last request: 0.000019 seconds.
  path: Assets/Sprites/Layer 24.png
  artifactKey: Guid(4efe2aeb9867a4142ad2a964090fd385) Importer(815301076,1909f56bfc062723c751e8b465ee728b)
Start importing Assets/Sprites/Layer 24.png using Guid(4efe2aeb9867a4142ad2a964090fd385) Importer(815301076,1909f56bfc062723c751e8b465ee728b)  -> (artifact id: 'cf09b884bd9e3fdce576ac7e8b0642f0') in 0.002804 seconds
Number of updated asset objects reloaded before import = 0
Number of asset objects unloaded after import = 2
========================================================================
Received Import Request.
  Time since last request: 0.000019 seconds.
  path: Assets/Sprites/Layer 26.png
  artifactKey: Guid(7fcd6d444d9659b4a9b1dce235b707b2) Importer(815301076,1909f56bfc062723c751e8b465ee728b)
Start importing Assets/Sprites/Layer 26.png using Guid(7fcd6d444d9659b4a9b1dce235b707b2) Importer(815301076,1909f56bfc062723c751e8b465ee728b)  -> (artifact id: 'e623ac8e679452cd4597fe899341e72e') in 0.002134 seconds
Number of updated asset objects reloaded before import = 0
Number of asset objects unloaded after import = 2
========================================================================
Received Import Request.
  Time since last request: 7.540737 seconds.
  path: Packages/com.unity.2d.psdimporter/Editor/Assets/pivot.fbx
  artifactKey: Guid(1c7762c9bce5f4ab7b060decb9e3002d) Importer(815301076,1909f56bfc062723c751e8b465ee728b)
Start importing Packages/com.unity.2d.psdimporter/Editor/Assets/pivot.fbx using Guid(1c7762c9bce5f4ab7b060decb9e3002d) Importer(815301076,1909f56bfc062723c751e8b465ee728b)  -> (artifact id: '29f648a4537f0d2731059372988d4dd0') in 0.023699 seconds
Number of updated asset objects reloaded before import = 0
Number of asset objects unloaded after import = 6
========================================================================
Received Import Request.
  Time since last request: 51.680017 seconds.
  path: Assets/Sprites/Corn1.png
  artifactKey: Guid(fb46e194df46d6e4cac72f45f4eaf0ba) Importer(815301076,1909f56bfc062723c751e8b465ee728b)
Start importing Assets/Sprites/Corn1.png using Guid(fb46e194df46d6e4cac72f45f4eaf0ba) Importer(815301076,1909f56bfc062723c751e8b465ee728b)  -> (artifact id: 'e9285d9c01101c841793531154184c60') in 0.002870 seconds
Number of updated asset objects reloaded before import = 0
Number of asset objects unloaded after import = 2
========================================================================
Received Import Request.
  Time since last request: 0.000021 seconds.
  path: Assets/Sprites/Corn2.png
  artifactKey: Guid(eba77b32388a70e488df46e062eff657) Importer(815301076,1909f56bfc062723c751e8b465ee728b)
Start importing Assets/Sprites/Corn2.png using Guid(eba77b32388a70e488df46e062eff657) Importer(815301076,1909f56bfc062723c751e8b465ee728b)  -> (artifact id: 'f3412b383009c1cdc39d7bb4f2eaf476') in 0.002996 seconds
Number of updated asset objects reloaded before import = 0
Number of asset objects unloaded after import = 2
========================================================================
Received Import Request.
  Time since last request: 11.400994 seconds.
  path: Assets/Sprites/potato2.png
  artifactKey: Guid(eed3809f475c1164fb1e18d840934ea4) Importer(815301076,1909f56bfc062723c751e8b465ee728b)
Start importing Assets/Sprites/potato2.png using Guid(eed3809f475c1164fb1e18d840934ea4) Importer(815301076,1909f56bfc062723c751e8b465ee728b)  -> (artifact id: '8fa8a510a4fc685b5e98ae843197d2a9') in 0.003180 seconds
Number of updated asset objects reloaded before import = 0
Number of asset objects unloaded after import = 2
========================================================================
Received Import Request.
  Time since last request: 0.000020 seconds.
  path: Assets/Sprites/Wheat2.png
  artifactKey: Guid(6cfbc9e48963a8943b831e4b50a30b87) Importer(815301076,1909f56bfc062723c751e8b465ee728b)
Start importing Assets/Sprites/Wheat2.png using Guid(6cfbc9e48963a8943b831e4b50a30b87) Importer(815301076,1909f56bfc062723c751e8b465ee728b)  -> (artifact id: '84da57b153c85d0c73a6c74e8e1d5874') in 0.003607 seconds
Number of updated asset objects reloaded before import = 0
Number of asset objects unloaded after import = 2
========================================================================
Received Import Request.
  Time since last request: 0.000022 seconds.
  path: Assets/Sprites/Wheat1.png
  artifactKey: Guid(fd5d22d4d7c18e644b4e209dcdad122d) Importer(815301076,1909f56bfc062723c751e8b465ee728b)
Start importing Assets/Sprites/Wheat1.png using Guid(fd5d22d4d7c18e644b4e209dcdad122d) Importer(815301076,1909f56bfc062723c751e8b465ee728b)  -> (artifact id: '62be66253ecdc85b634d2a34285e9857') in 0.003386 seconds
Number of updated asset objects reloaded before import = 0
Number of asset objects unloaded after import = 2
========================================================================
Received Import Request.
  Time since last request: 0.000031 seconds.
  path: Assets/Sprites/TilledLand.png
  artifactKey: Guid(8b373a83733b6a043b03bede366f96a6) Importer(815301076,1909f56bfc062723c751e8b465ee728b)
Start importing Assets/Sprites/TilledLand.png using Guid(8b373a83733b6a043b03bede366f96a6) Importer(815301076,1909f56bfc062723c751e8b465ee728b)  -> (artifact id: '5935d9f98a3e7d8fdcbfc4e42d9748e7') in 0.002695 seconds
Number of updated asset objects reloaded before import = 0
Number of asset objects unloaded after import = 2
========================================================================
Received Import Request.
  Time since last request: 0.000031 seconds.
  path: Assets/Sprites/WaterLand.png
  artifactKey: Guid(6fdddaefd275d524a9867dbb32cd5c39) Importer(815301076,1909f56bfc062723c751e8b465ee728b)
Start importing Assets/Sprites/WaterLand.png using Guid(6fdddaefd275d524a9867dbb32cd5c39) Importer(815301076,1909f56bfc062723c751e8b465ee728b)  -> (artifact id: '5486ea8e564f954aa3ced44f7cfd1521') in 0.003078 seconds
Number of updated asset objects reloaded before import = 0
Number of asset objects unloaded after import = 2
========================================================================
Received Import Request.
  Time since last request: 367.325694 seconds.
  path: Assets/Sprites/Layer 22.png
  artifactKey: Guid(8364c1176c19c414c839a824bfc0e6c1) Importer(815301076,1909f56bfc062723c751e8b465ee728b)
Start importing Assets/Sprites/Layer 22.png using Guid(8364c1176c19c414c839a824bfc0e6c1) Importer(815301076,1909f56bfc062723c751e8b465ee728b)  -> (artifact id: '6fcf00daa7423b866cd6dda54522862b') in 0.011570 seconds
Number of updated asset objects reloaded before import = 0
Number of asset objects unloaded after import = 2
========================================================================
Received Import Request.
  Time since last request: 0.000035 seconds.
  path: Assets/Sprites/Layer 25.png
  artifactKey: Guid(31a97bae8ffba444dbcc68198367e5e3) Importer(815301076,1909f56bfc062723c751e8b465ee728b)
Start importing Assets/Sprites/Layer 25.png using Guid(31a97bae8ffba444dbcc68198367e5e3) Importer(815301076,1909f56bfc062723c751e8b465ee728b)  -> (artifact id: '175433fec4be754c70cfdd0c0e039584') in 0.003961 seconds
Number of updated asset objects reloaded before import = 0
Number of asset objects unloaded after import = 2
========================================================================
Received Import Request.
  Time since last request: 0.000093 seconds.
  path: Assets/Sprites/Layer 26.png
  artifactKey: Guid(7fcd6d444d9659b4a9b1dce235b707b2) Importer(815301076,1909f56bfc062723c751e8b465ee728b)
Start importing Assets/Sprites/Layer 26.png using Guid(7fcd6d444d9659b4a9b1dce235b707b2) Importer(815301076,1909f56bfc062723c751e8b465ee728b)  -> (artifact id: '3f157b2a2ab07dbdb970b6abc2785517') in 0.002811 seconds
Number of updated asset objects reloaded before import = 0
Number of asset objects unloaded after import = 2
========================================================================
Received Prepare
Begin MonoManager ReloadAssembly
Symbol file LoadedFromMemory doesn't match image C:\Users\ross7\OneDrive\Desktop\UnityProjects\Pixel Pastures\Library\PackageCache\com.unity.visualscripting@1.8.0\Editor\VisualScripting.Core\Dependencies\YamlDotNet\Unity.VisualScripting.YamlDotNet.dll
Symbol file LoadedFromMemory doesn't match image C:\Users\ross7\OneDrive\Desktop\UnityProjects\Pixel Pastures\Library\PackageCache\com.unity.visualscripting@1.8.0\Editor\VisualScripting.Core\Dependencies\DotNetZip\Unity.VisualScripting.IonicZip.dll
- Loaded All Assemblies, in  2.120 seconds
Refreshing native plugins compatible for Editor in 14.03 ms, found 4 plugins.
Native extension for WindowsStandalone target not found
Native extension for iOS target not found
Native extension for Android target not found
Native extension for OSXStandalone target not found
Mono: successfully reloaded assembly
- Finished resetting the current domain, in 27.260 seconds
Domain Reload Profiling: 29364ms
	BeginReloadAssembly (547ms)
		ExecutionOrderSort (0ms)
		DisableScriptedObjects (60ms)
		BackupInstance (0ms)
		ReleaseScriptingObjects (1ms)
		CreateAndSetChildDomain (241ms)
	RebuildCommonClasses (79ms)
	RebuildNativeTypeToScriptingClass (31ms)
	initialDomainReloadingComplete (97ms)
	LoadAllAssembliesAndSetupDomain (1350ms)
		LoadAssemblies (811ms)
		RebuildTransferFunctionScriptingTraits (0ms)
		AnalyzeDomain (656ms)
			TypeCache.Refresh (622ms)
				TypeCache.ScanAssembly (563ms)
			ScanForSourceGeneratedMonoScriptInfo (14ms)
			ResolveRequiredComponents (20ms)
	FinalizeReload (27261ms)
		ReleaseScriptCaches (0ms)
		RebuildScriptCaches (0ms)
		SetupLoadedEditorAssemblies (915ms)
			LogAssemblyErrors (0ms)
			InitializePlatformSupportModulesInManaged (78ms)
			SetLoadedEditorAssemblies (7ms)
			RefreshPlugins (0ms)
			BeforeProcessingInitializeOnLoad (188ms)
			ProcessInitializeOnLoadAttributes (472ms)
			ProcessInitializeOnLoadMethodAttributes (152ms)
			AfterProcessingInitializeOnLoad (18ms)
			EditorAssembliesLoaded (0ms)
		ExecutionOrderSort2 (0ms)
		AwakeInstancesAfterBackupRestoration (24ms)
Refreshing native plugins compatible for Editor in 28.21 ms, found 4 plugins.
Preloading 0 native plugins for Editor in 0.00 ms.
Unloading 5432 Unused Serialized files (Serialized files now loaded: 0)
Unloading 62 unused Assets / (0.9 MB). Loaded Objects now: 6028.
Memory consumption went from 195.4 MB to 194.6 MB.
Total: 34.946600 ms (FindLiveObjects: 2.858400 ms CreateObjectMapping: 14.055000 ms MarkObjects: 17.365500 ms  DeleteObjects: 0.665300 ms)

Prepare: number of updated asset objects reloaded= 1
AssetImportParameters requested are different than current active one (requested -> active):
  custom:container-demuxer-ogg: 62fdf1f143b41e24485cea50d1cbac27 -> 
  custom:video-codec-MediaFoundation-h265: 746d11721c4dcdbdad8f713fa42b33f4 -> 
  custom:video-decoder-ogg-theora: a1e56fd34408186e4bbccfd4996cb3dc -> 
  custom:framework-win-MediaFoundation: 216162199b28c13a410421893ffa2e32 -> 
  custom:container-demuxer-webm: 4f35f7cbe854078d1ac9338744f61a02 -> 
  custom:container-muxer-webm: aa71ff27fc2769a1b78a27578f13a17b -> 
  custom:video-decoder-webm-vp8: 9c59270c3fd7afecdb556c50c9e8de78 -> 
  custom:AudioImporter_EditorPlatform: d09bf68614088b80899f8185d706f6e7 -> 
  custom:video-encoder-webm-vp8: eb34c28f22e8b96e1ab97ce403110664 -> 
  custom:audio-decoder-ogg-vorbis: bf7c407c2cedff20999df2af8eb42d56 -> 
  custom:audio-encoder-webm-vorbis: bf7c407c2cedff20999df2af8eb42d56 -> 
